c:\users\bogda\source\repos\lab8\lab8\x64\debug\vc143.pdb
c:\users\bogda\source\repos\lab8\lab8\x64\debug\vc143.idb
c:\users\bogda\source\repos\lab8\lab8\x64\debug\qrc_maingui.obj
c:\users\bogda\source\repos\lab8\lab8\x64\debug\movie.obj
c:\users\bogda\source\repos\lab8\lab8\x64\debug\main.obj
c:\users\bogda\source\repos\lab8\lab8\x64\debug\repository.obj
c:\users\bogda\source\repos\lab8\lab8\x64\debug\filerepo.obj
c:\users\bogda\source\repos\lab8\lab8\x64\debug\watchlist.obj
c:\users\bogda\source\repos\lab8\lab8\x64\debug\exception.obj
c:\users\bogda\source\repos\lab8\lab8\x64\debug\validator.obj
c:\users\bogda\source\repos\lab8\lab8\x64\debug\maingui.obj
c:\users\bogda\source\repos\lab8\lab8\x64\debug\service.obj
c:\users\bogda\source\repos\lab8\lab8\x64\debug\htmlwatchlist.obj
c:\users\bogda\source\repos\lab8\lab8\x64\debug\tests.obj
c:\users\bogda\source\repos\lab8\lab8\x64\debug\filewatchlist.obj
c:\users\bogda\source\repos\lab8\lab8\x64\debug\utility.obj
c:\users\bogda\source\repos\lab8\lab8\x64\debug\csvwatchlist.obj
c:\users\bogda\source\repos\lab8\lab8\x64\debug\ui.obj
c:\users\bogda\source\repos\lab8\lab8\x64\debug\gui.obj
c:\users\bogda\source\repos\lab8\lab8\x64\debug\moc_gui.obj
c:\users\bogda\source\repos\lab8\lab8\x64\debug\moc_maingui.obj
c:\users\bogda\source\repos\lab8\lab8\x64\debug\uic\ui_maingui.h
c:\users\bogda\source\repos\lab8\lab8\x64\debug\rcc\qrc_maingui.cpp
c:\users\bogda\source\repos\lab8\lab8\x64\debug\moc\moc_maingui.cpp
c:\users\bogda\source\repos\lab8\lab8\x64\debug\moc\moc_gui.cpp
c:\users\bogda\source\repos\lab8\x64\debug\lab8.exe
c:\users\bogda\source\repos\lab8\x64\debug\lab8.pdb
c:\users\bogda\source\repos\lab8\lab8\x64\debug\lab8.ilk
c:\users\bogda\source\repos\lab8\lab8\x64\debug\lab8.tlog\cl.command.1.tlog
c:\users\bogda\source\repos\lab8\lab8\x64\debug\lab8.tlog\cl.items.tlog
c:\users\bogda\source\repos\lab8\lab8\x64\debug\lab8.tlog\cl.read.1.tlog
c:\users\bogda\source\repos\lab8\lab8\x64\debug\lab8.tlog\cl.write.1.tlog
c:\users\bogda\source\repos\lab8\lab8\x64\debug\lab8.tlog\lab8.write.1u.tlog
c:\users\bogda\source\repos\lab8\lab8\x64\debug\lab8.tlog\link.command.1.tlog
c:\users\bogda\source\repos\lab8\lab8\x64\debug\lab8.tlog\link.read.1.tlog
c:\users\bogda\source\repos\lab8\lab8\x64\debug\lab8.tlog\link.secondary.1.tlog
c:\users\bogda\source\repos\lab8\lab8\x64\debug\lab8.tlog\link.write.1.tlog
c:\users\bogda\source\repos\lab8\lab8\x64\debug\lab8.tlog\moc.read.1u.tlog
c:\users\bogda\source\repos\lab8\lab8\x64\debug\lab8.tlog\moc.write.1u.tlog
c:\users\bogda\source\repos\lab8\lab8\x64\debug\lab8.tlog\rcc.read.1u.tlog
c:\users\bogda\source\repos\lab8\lab8\x64\debug\lab8.tlog\rcc.write.1u.tlog
c:\users\bogda\source\repos\lab8\lab8\x64\debug\lab8.tlog\uic.read.1u.tlog
c:\users\bogda\source\repos\lab8\lab8\x64\debug\lab8.tlog\uic.write.1u.tlog
